<?xml version="1.0" encoding="UTF-8"?>
<testng-results ignored="0" total="12" passed="12" failed="0" skipped="0">
  <reporter-output>
  </reporter-output>
  <suite started-at="2024-02-22T12:49:15 IST" name="Suite" finished-at="2024-02-22T12:50:56 IST" duration-ms="101058">
    <groups>
    </groups>
    <test started-at="2024-02-22T12:49:15 IST" name="chrometest" finished-at="2024-02-22T12:49:47 IST" duration-ms="32049">
      <class name="TestNG.TestNG_Annotation">
        <test-method is-config="true" signature="beforetest()[pri:0, instance:TestNG.TestNG_Annotation@799f10e1]" started-at="2024-02-22T12:49:19 IST" name="beforetest" finished-at="2024-02-22T12:49:19 IST" duration-ms="3" status="PASS">
          <reporter-output>
          </reporter-output>
        </test-method> <!-- beforetest -->
        <test-method is-config="true" signature="beforeclass()[pri:0, instance:TestNG.TestNG_Annotation@799f10e1]" started-at="2024-02-22T12:49:19 IST" name="beforeclass" finished-at="2024-02-22T12:49:19 IST" duration-ms="1" status="PASS">
          <reporter-output>
          </reporter-output>
        </test-method> <!-- beforeclass -->
        <test-method is-config="true" signature="beforemethod()[pri:0, instance:TestNG.TestNG_Annotation@799f10e1]" started-at="2024-02-22T12:49:19 IST" name="beforemethod" finished-at="2024-02-22T12:49:19 IST" duration-ms="0" status="PASS">
          <reporter-output>
          </reporter-output>
        </test-method> <!-- beforemethod -->
        <test-method signature="Test()[pri:0, instance:TestNG.TestNG_Annotation@799f10e1]" started-at="2024-02-22T12:49:19 IST" name="Test" finished-at="2024-02-22T12:49:19 IST" duration-ms="17" status="PASS">
          <reporter-output>
          </reporter-output>
        </test-method> <!-- Test -->
        <test-method is-config="true" signature="aftermethod()[pri:0, instance:TestNG.TestNG_Annotation@799f10e1]" started-at="2024-02-22T12:49:19 IST" name="aftermethod" finished-at="2024-02-22T12:49:19 IST" duration-ms="10" status="PASS">
          <reporter-output>
          </reporter-output>
        </test-method> <!-- aftermethod -->
        <test-method is-config="true" signature="afterclass()[pri:0, instance:TestNG.TestNG_Annotation@799f10e1]" started-at="2024-02-22T12:49:19 IST" name="afterclass" finished-at="2024-02-22T12:49:19 IST" duration-ms="1" status="PASS">
          <reporter-output>
          </reporter-output>
        </test-method> <!-- afterclass -->
        <test-method is-config="true" signature="aftertest()[pri:0, instance:TestNG.TestNG_Annotation@799f10e1]" started-at="2024-02-22T12:49:47 IST" name="aftertest" finished-at="2024-02-22T12:49:47 IST" duration-ms="1" status="PASS">
          <reporter-output>
          </reporter-output>
        </test-method> <!-- aftertest -->
      </class> <!-- TestNG.TestNG_Annotation -->
      <class name="TestNG.FlipKart">
        <test-method is-config="true" signature="BeforeTest(java.lang.String)[pri:0, instance:TestNG.FlipKart@71d44a3]" started-at="2024-02-22T12:49:15 IST" name="BeforeTest" finished-at="2024-02-22T12:49:19 IST" duration-ms="4616" status="PASS">
          <params>
            <param index="0">
              <value>
                <![CDATA[chrome]]>
              </value>
            </param>
          </params>
          <reporter-output>
          </reporter-output>
        </test-method> <!-- BeforeTest -->
        <test-method is-config="true" signature="beforeclass()[pri:0, instance:TestNG.FlipKart@71d44a3]" started-at="2024-02-22T12:49:19 IST" name="beforeclass" finished-at="2024-02-22T12:49:22 IST" duration-ms="2718" status="PASS">
          <reporter-output>
          </reporter-output>
        </test-method> <!-- beforeclass -->
        <test-method signature="HomePage()[pri:1, instance:TestNG.FlipKart@71d44a3]" started-at="2024-02-22T12:49:22 IST" name="HomePage" finished-at="2024-02-22T12:49:36 IST" duration-ms="13687" status="PASS">
          <reporter-output>
          </reporter-output>
        </test-method> <!-- HomePage -->
        <test-method signature="ReviewPage()[pri:2, instance:TestNG.FlipKart@71d44a3]" started-at="2024-02-22T12:49:36 IST" name="ReviewPage" finished-at="2024-02-22T12:49:40 IST" duration-ms="4599" status="PASS">
          <reporter-output>
          </reporter-output>
        </test-method> <!-- ReviewPage -->
        <test-method signature="Calculation()[pri:3, instance:TestNG.FlipKart@71d44a3]" started-at="2024-02-22T12:49:40 IST" name="Calculation" finished-at="2024-02-22T12:49:46 IST" duration-ms="5774" status="PASS">
          <reporter-output>
          </reporter-output>
        </test-method> <!-- Calculation -->
        <test-method is-config="true" signature="afterclass()[pri:0, instance:TestNG.FlipKart@71d44a3]" started-at="2024-02-22T12:49:46 IST" name="afterclass" finished-at="2024-02-22T12:49:47 IST" duration-ms="498" status="PASS">
          <reporter-output>
          </reporter-output>
        </test-method> <!-- afterclass -->
      </class> <!-- TestNG.FlipKart -->
    </test> <!-- chrometest -->
    <test started-at="2024-02-22T12:49:47 IST" name="firefoxtest" finished-at="2024-02-22T12:50:24 IST" duration-ms="37219">
      <class name="TestNG.TestNG_Annotation">
        <test-method is-config="true" signature="beforetest()[pri:0, instance:TestNG.TestNG_Annotation@1165b38]" started-at="2024-02-22T12:49:51 IST" name="beforetest" finished-at="2024-02-22T12:49:51 IST" duration-ms="0" status="PASS">
          <reporter-output>
          </reporter-output>
        </test-method> <!-- beforetest -->
        <test-method is-config="true" signature="beforeclass()[pri:0, instance:TestNG.TestNG_Annotation@1165b38]" started-at="2024-02-22T12:49:51 IST" name="beforeclass" finished-at="2024-02-22T12:49:51 IST" duration-ms="0" status="PASS">
          <reporter-output>
          </reporter-output>
        </test-method> <!-- beforeclass -->
        <test-method is-config="true" signature="beforemethod()[pri:0, instance:TestNG.TestNG_Annotation@1165b38]" started-at="2024-02-22T12:49:51 IST" name="beforemethod" finished-at="2024-02-22T12:49:51 IST" duration-ms="1" status="PASS">
          <reporter-output>
          </reporter-output>
        </test-method> <!-- beforemethod -->
        <test-method signature="Test()[pri:0, instance:TestNG.TestNG_Annotation@1165b38]" started-at="2024-02-22T12:49:51 IST" name="Test" finished-at="2024-02-22T12:49:51 IST" duration-ms="2" status="PASS">
          <reporter-output>
          </reporter-output>
        </test-method> <!-- Test -->
        <test-method is-config="true" signature="aftermethod()[pri:0, instance:TestNG.TestNG_Annotation@1165b38]" started-at="2024-02-22T12:49:51 IST" name="aftermethod" finished-at="2024-02-22T12:49:51 IST" duration-ms="1" status="PASS">
          <reporter-output>
          </reporter-output>
        </test-method> <!-- aftermethod -->
        <test-method is-config="true" signature="afterclass()[pri:0, instance:TestNG.TestNG_Annotation@1165b38]" started-at="2024-02-22T12:49:51 IST" name="afterclass" finished-at="2024-02-22T12:49:51 IST" duration-ms="1" status="PASS">
          <reporter-output>
          </reporter-output>
        </test-method> <!-- afterclass -->
        <test-method is-config="true" signature="aftertest()[pri:0, instance:TestNG.TestNG_Annotation@1165b38]" started-at="2024-02-22T12:50:24 IST" name="aftertest" finished-at="2024-02-22T12:50:24 IST" duration-ms="1" status="PASS">
          <reporter-output>
          </reporter-output>
        </test-method> <!-- aftertest -->
      </class> <!-- TestNG.TestNG_Annotation -->
      <class name="TestNG.FlipKart">
        <test-method is-config="true" signature="BeforeTest(java.lang.String)[pri:0, instance:TestNG.FlipKart@4c12331b]" started-at="2024-02-22T12:49:47 IST" name="BeforeTest" finished-at="2024-02-22T12:49:51 IST" duration-ms="4737" status="PASS">
          <params>
            <param index="0">
              <value>
                <![CDATA[firefox]]>
              </value>
            </param>
          </params>
          <reporter-output>
          </reporter-output>
        </test-method> <!-- BeforeTest -->
        <test-method is-config="true" signature="beforeclass()[pri:0, instance:TestNG.FlipKart@4c12331b]" started-at="2024-02-22T12:49:51 IST" name="beforeclass" finished-at="2024-02-22T12:49:53 IST" duration-ms="1333" status="PASS">
          <reporter-output>
          </reporter-output>
        </test-method> <!-- beforeclass -->
        <test-method signature="HomePage()[pri:1, instance:TestNG.FlipKart@4c12331b]" started-at="2024-02-22T12:49:53 IST" name="HomePage" finished-at="2024-02-22T12:50:12 IST" duration-ms="19166" status="PASS">
          <reporter-output>
          </reporter-output>
        </test-method> <!-- HomePage -->
        <test-method signature="ReviewPage()[pri:2, instance:TestNG.FlipKart@4c12331b]" started-at="2024-02-22T12:50:12 IST" name="ReviewPage" finished-at="2024-02-22T12:50:16 IST" duration-ms="3967" status="PASS">
          <reporter-output>
          </reporter-output>
        </test-method> <!-- ReviewPage -->
        <test-method signature="Calculation()[pri:3, instance:TestNG.FlipKart@4c12331b]" started-at="2024-02-22T12:50:16 IST" name="Calculation" finished-at="2024-02-22T12:50:22 IST" duration-ms="6147" status="PASS">
          <reporter-output>
          </reporter-output>
        </test-method> <!-- Calculation -->
        <test-method is-config="true" signature="afterclass()[pri:0, instance:TestNG.FlipKart@4c12331b]" started-at="2024-02-22T12:50:22 IST" name="afterclass" finished-at="2024-02-22T12:50:24 IST" duration-ms="1843" status="PASS">
          <reporter-output>
          </reporter-output>
        </test-method> <!-- afterclass -->
      </class> <!-- TestNG.FlipKart -->
    </test> <!-- firefoxtest -->
    <test started-at="2024-02-22T12:50:24 IST" name="edgetest" finished-at="2024-02-22T12:50:56 IST" duration-ms="31729">
      <class name="TestNG.TestNG_Annotation">
        <test-method is-config="true" signature="beforesuite()[pri:0, instance:TestNG.TestNG_Annotation@3b69e7d1]" started-at="2024-02-22T12:49:15 IST" name="beforesuite" finished-at="2024-02-22T12:49:15 IST" duration-ms="37" status="PASS">
          <reporter-output>
          </reporter-output>
        </test-method> <!-- beforesuite -->
        <test-method is-config="true" signature="beforetest()[pri:0, instance:TestNG.TestNG_Annotation@3b69e7d1]" started-at="2024-02-22T12:50:28 IST" name="beforetest" finished-at="2024-02-22T12:50:28 IST" duration-ms="0" status="PASS">
          <reporter-output>
          </reporter-output>
        </test-method> <!-- beforetest -->
        <test-method is-config="true" signature="beforeclass()[pri:0, instance:TestNG.TestNG_Annotation@3b69e7d1]" started-at="2024-02-22T12:50:28 IST" name="beforeclass" finished-at="2024-02-22T12:50:28 IST" duration-ms="1" status="PASS">
          <reporter-output>
          </reporter-output>
        </test-method> <!-- beforeclass -->
        <test-method is-config="true" signature="beforemethod()[pri:0, instance:TestNG.TestNG_Annotation@3b69e7d1]" started-at="2024-02-22T12:50:28 IST" name="beforemethod" finished-at="2024-02-22T12:50:28 IST" duration-ms="1" status="PASS">
          <reporter-output>
          </reporter-output>
        </test-method> <!-- beforemethod -->
        <test-method signature="Test()[pri:0, instance:TestNG.TestNG_Annotation@3b69e7d1]" started-at="2024-02-22T12:50:28 IST" name="Test" finished-at="2024-02-22T12:50:28 IST" duration-ms="2" status="PASS">
          <reporter-output>
          </reporter-output>
        </test-method> <!-- Test -->
        <test-method is-config="true" signature="aftermethod()[pri:0, instance:TestNG.TestNG_Annotation@3b69e7d1]" started-at="2024-02-22T12:50:28 IST" name="aftermethod" finished-at="2024-02-22T12:50:28 IST" duration-ms="1" status="PASS">
          <reporter-output>
          </reporter-output>
        </test-method> <!-- aftermethod -->
        <test-method is-config="true" signature="afterclass()[pri:0, instance:TestNG.TestNG_Annotation@3b69e7d1]" started-at="2024-02-22T12:50:28 IST" name="afterclass" finished-at="2024-02-22T12:50:28 IST" duration-ms="0" status="PASS">
          <reporter-output>
          </reporter-output>
        </test-method> <!-- afterclass -->
        <test-method is-config="true" signature="aftertest()[pri:0, instance:TestNG.TestNG_Annotation@3b69e7d1]" started-at="2024-02-22T12:50:56 IST" name="aftertest" finished-at="2024-02-22T12:50:56 IST" duration-ms="0" status="PASS">
          <reporter-output>
          </reporter-output>
        </test-method> <!-- aftertest -->
        <test-method is-config="true" signature="AfterSuite()[pri:0, instance:TestNG.TestNG_Annotation@3b69e7d1]" started-at="2024-02-22T12:50:56 IST" name="AfterSuite" finished-at="2024-02-22T12:50:56 IST" duration-ms="1" status="PASS">
          <reporter-output>
          </reporter-output>
        </test-method> <!-- AfterSuite -->
      </class> <!-- TestNG.TestNG_Annotation -->
      <class name="TestNG.FlipKart">
        <test-method is-config="true" signature="BeforeTest(java.lang.String)[pri:0, instance:TestNG.FlipKart@815b41f]" started-at="2024-02-22T12:50:24 IST" name="BeforeTest" finished-at="2024-02-22T12:50:28 IST" duration-ms="3986" status="PASS">
          <params>
            <param index="0">
              <value>
                <![CDATA[edge]]>
              </value>
            </param>
          </params>
          <reporter-output>
          </reporter-output>
        </test-method> <!-- BeforeTest -->
        <test-method is-config="true" signature="beforeclass()[pri:0, instance:TestNG.FlipKart@815b41f]" started-at="2024-02-22T12:50:28 IST" name="beforeclass" finished-at="2024-02-22T12:50:30 IST" duration-ms="1604" status="PASS">
          <reporter-output>
          </reporter-output>
        </test-method> <!-- beforeclass -->
        <test-method signature="HomePage()[pri:1, instance:TestNG.FlipKart@815b41f]" started-at="2024-02-22T12:50:30 IST" name="HomePage" finished-at="2024-02-22T12:50:44 IST" duration-ms="14317" status="PASS">
          <reporter-output>
          </reporter-output>
        </test-method> <!-- HomePage -->
        <test-method signature="ReviewPage()[pri:2, instance:TestNG.FlipKart@815b41f]" started-at="2024-02-22T12:50:44 IST" name="ReviewPage" finished-at="2024-02-22T12:50:49 IST" duration-ms="5081" status="PASS">
          <reporter-output>
          </reporter-output>
        </test-method> <!-- ReviewPage -->
        <test-method signature="Calculation()[pri:3, instance:TestNG.FlipKart@815b41f]" started-at="2024-02-22T12:50:49 IST" name="Calculation" finished-at="2024-02-22T12:50:55 IST" duration-ms="6246" status="PASS">
          <reporter-output>
          </reporter-output>
        </test-method> <!-- Calculation -->
        <test-method is-config="true" signature="afterclass()[pri:0, instance:TestNG.FlipKart@815b41f]" started-at="2024-02-22T12:50:55 IST" name="afterclass" finished-at="2024-02-22T12:50:56 IST" duration-ms="470" status="PASS">
          <reporter-output>
          </reporter-output>
        </test-method> <!-- afterclass -->
      </class> <!-- TestNG.FlipKart -->
    </test> <!-- edgetest -->
  </suite> <!-- Suite -->
</testng-results>
