<?xml version="1.0" encoding="UTF-8"?>
<testng-results ignored="0" total="3" passed="3" failed="0" skipped="0">
  <reporter-output>
  </reporter-output>
  <suite started-at="2024-02-20T17:43:53 IST" name="Default suite" finished-at="2024-02-20T17:44:27 IST" duration-ms="33930">
    <groups>
    </groups>
    <test started-at="2024-02-20T17:43:53 IST" name="Default test" finished-at="2024-02-20T17:44:27 IST" duration-ms="33930">
      <class name="TestNG.FlipKart">
        <test-method is-config="true" signature="beforeclass()[pri:0, instance:TestNG.FlipKart@55183b20]" started-at="2024-02-20T17:43:53 IST" name="beforeclass" finished-at="2024-02-20T17:44:00 IST" duration-ms="6635" status="PASS">
          <reporter-output>
          </reporter-output>
        </test-method> <!-- beforeclass -->
        <test-method signature="HomePage()[pri:1, instance:TestNG.FlipKart@55183b20]" started-at="2024-02-20T17:44:00 IST" name="HomePage" finished-at="2024-02-20T17:44:17 IST" duration-ms="17300" status="PASS">
          <reporter-output>
          </reporter-output>
        </test-method> <!-- HomePage -->
        <test-method signature="ReviewPage()[pri:2, instance:TestNG.FlipKart@55183b20]" started-at="2024-02-20T17:44:17 IST" name="ReviewPage" finished-at="2024-02-20T17:44:23 IST" duration-ms="6296" status="PASS">
          <reporter-output>
          </reporter-output>
        </test-method> <!-- ReviewPage -->
        <test-method signature="Calculation()[pri:3, instance:TestNG.FlipKart@55183b20]" started-at="2024-02-20T17:44:23 IST" name="Calculation" finished-at="2024-02-20T17:44:27 IST" duration-ms="3621" status="PASS">
          <reporter-output>
          </reporter-output>
        </test-method> <!-- Calculation -->
        <test-method is-config="true" signature="afterclass()[pri:0, instance:TestNG.FlipKart@55183b20]" started-at="2024-02-20T17:44:27 IST" name="afterclass" finished-at="2024-02-20T17:44:27 IST" duration-ms="1" status="PASS">
          <reporter-output>
          </reporter-output>
        </test-method> <!-- afterclass -->
      </class> <!-- TestNG.FlipKart -->
    </test> <!-- Default test -->
  </suite> <!-- Default suite -->
</testng-results>
