<?xml version="1.0" encoding="UTF-8"?>
<!-- Generated by org.testng.reporters.JUnitXMLReporter -->
<testsuite ignored="0" hostname="DESKTOP-O53O2QE" failures="0" tests="4" name="chrometest" time="32.049" errors="0" timestamp="2024-02-22T12:49:47 IST">
  <testcase classname="TestNG.TestNG_Annotation" name="Test" time="0.017"/>
  <testcase classname="TestNG.FlipKart" name="HomePage" time="13.687"/>
  <testcase classname="TestNG.FlipKart" name="ReviewPage" time="4.599"/>
  <testcase classname="TestNG.FlipKart" name="Calculation" time="5.774"/>
</testsuite> <!-- chrometest -->
