<?xml version="1.0" encoding="UTF-8"?>
<!-- Generated by org.testng.reporters.JUnitXMLReporter -->
<testsuite ignored="0" hostname="DESKTOP-O53O2QE" failures="0" tests="4" name="edgetest" time="31.729" errors="0" timestamp="2024-02-22T12:50:56 IST">
  <testcase classname="TestNG.TestNG_Annotation" name="Test" time="0.002"/>
  <testcase classname="TestNG.FlipKart" name="HomePage" time="14.317"/>
  <testcase classname="TestNG.FlipKart" name="ReviewPage" time="5.081"/>
  <testcase classname="TestNG.FlipKart" name="Calculation" time="6.246"/>
</testsuite> <!-- edgetest -->
