<?xml version="1.0" encoding="UTF-8"?>
<!-- Generated by org.testng.reporters.JUnitXMLReporter -->
<testsuite ignored="0" hostname="DESKTOP-O53O2QE" failures="0" tests="4" name="firefoxtest" time="37.219" errors="0" timestamp="2024-02-22T12:50:24 IST">
  <testcase classname="TestNG.TestNG_Annotation" name="Test" time="0.002"/>
  <testcase classname="TestNG.FlipKart" name="HomePage" time="19.166"/>
  <testcase classname="TestNG.FlipKart" name="ReviewPage" time="3.967"/>
  <testcase classname="TestNG.FlipKart" name="Calculation" time="6.147"/>
</testsuite> <!-- firefoxtest -->
