<?xml version="1.0" encoding="UTF-8"?>
<!-- Generated by org.testng.reporters.JUnitXMLReporter -->
<testsuite ignored="0" hostname="DESKTOP-O53O2QE" failures="0" tests="4" name="Test" time="53.462" errors="0" timestamp="2024-02-22T11:53:06 IST">
  <testcase classname="TestNG.TestNG_Annotation" name="Test" time="0.024"/>
  <testcase classname="TestNG.FlipKart" name="HomePage" time="14.53"/>
  <testcase classname="TestNG.FlipKart" name="ReviewPage" time="25.558"/>
  <testcase classname="TestNG.FlipKart" name="Calculation" time="5.054"/>
</testsuite> <!-- Test -->
