<?xml version="1.0" encoding="UTF-8"?>
<!-- Generated by org.testng.reporters.JUnitXMLReporter -->
<testsuite ignored="0" hostname="DESKTOP-O53O2QE" failures="0" tests="3" name="Default test" time="33.93" errors="0" timestamp="2024-02-20T17:44:27 IST">
  <testcase classname="TestNG.FlipKart" name="HomePage" time="17.3"/>
  <testcase classname="TestNG.FlipKart" name="ReviewPage" time="6.296"/>
  <testcase classname="TestNG.FlipKart" name="Calculation" time="3.621"/>
</testsuite> <!-- Default test -->
